{"type":"server-started","port":60806,"host":"127.0.0.1","url_host":"localhost","url":"http://localhost:60806","screen_dir":"/Users/cgillum1/Desktop/Rock CIty Lighting/.superpowers/brainstorm/99538-1778864590/content","state_dir":"/Users/cgillum1/Desktop/Rock CIty Lighting/.superpowers/brainstorm/99538-1778864590/state"}
{"type":"screen-added","file":"/Users/cgillum1/Desktop/Rock CIty Lighting/.superpowers/brainstorm/99538-1778864590/content/welcome.html"}
{"type":"screen-updated","file":"/Users/cgillum1/Desktop/Rock CIty Lighting/.superpowers/brainstorm/99538-1778864590/content/welcome.html"}
{"type":"screen-updated","file":"/Users/cgillum1/Desktop/Rock CIty Lighting/.superpowers/brainstorm/99538-1778864590/content/welcome.html"}
{"type":"screen-updated","file":"/Users/cgillum1/Desktop/Rock CIty Lighting/.superpowers/brainstorm/99538-1778864590/content/welcome.html"}
{"type":"screen-added","file":"/Users/cgillum1/Desktop/Rock CIty Lighting/.superpowers/brainstorm/99538-1778864590/content/platform-options.html"}
{"type":"screen-updated","file":"/Users/cgillum1/Desktop/Rock CIty Lighting/.superpowers/brainstorm/99538-1778864590/content/platform-options.html"}
{"type":"screen-updated","file":"/Users/cgillum1/Desktop/Rock CIty Lighting/.superpowers/brainstorm/99538-1778864590/content/platform-options.html"}
{"type":"screen-updated","file":"/Users/cgillum1/Desktop/Rock CIty Lighting/.superpowers/brainstorm/99538-1778864590/content/platform-options.html"}
{"type":"screen-added","file":"/Users/cgillum1/Desktop/Rock CIty Lighting/.superpowers/brainstorm/99538-1778864590/content/layout-options.html"}
{"type":"screen-updated","file":"/Users/cgillum1/Desktop/Rock CIty Lighting/.superpowers/brainstorm/99538-1778864590/content/layout-options.html"}
{"type":"screen-updated","file":"/Users/cgillum1/Desktop/Rock CIty Lighting/.superpowers/brainstorm/99538-1778864590/content/layout-options.html"}
{"type":"screen-added","file":"/Users/cgillum1/Desktop/Rock CIty Lighting/.superpowers/brainstorm/99538-1778864590/content/full-layout-wireframe.html"}
{"type":"screen-updated","file":"/Users/cgillum1/Desktop/Rock CIty Lighting/.superpowers/brainstorm/99538-1778864590/content/full-layout-wireframe.html"}
{"type":"screen-updated","file":"/Users/cgillum1/Desktop/Rock CIty Lighting/.superpowers/brainstorm/99538-1778864590/content/full-layout-wireframe.html"}
{"type":"screen-updated","file":"/Users/cgillum1/Desktop/Rock CIty Lighting/.superpowers/brainstorm/99538-1778864590/content/full-layout-wireframe.html"}
{"type":"screen-added","file":"/Users/cgillum1/Desktop/Rock CIty Lighting/.superpowers/brainstorm/99538-1778864590/content/full-layout-v2.html"}
{"type":"screen-updated","file":"/Users/cgillum1/Desktop/Rock CIty Lighting/.superpowers/brainstorm/99538-1778864590/content/full-layout-v2.html"}
{"type":"screen-updated","file":"/Users/cgillum1/Desktop/Rock CIty Lighting/.superpowers/brainstorm/99538-1778864590/content/full-layout-v2.html"}
{"type":"screen-updated","file":"/Users/cgillum1/Desktop/Rock CIty Lighting/.superpowers/brainstorm/99538-1778864590/content/full-layout-v2.html"}
{"type":"screen-updated","file":"/Users/cgillum1/Desktop/Rock CIty Lighting/.superpowers/brainstorm/99538-1778864590/content/full-layout-v2.html"}
{"type":"server-stopped","reason":"idle timeout"}
